Build started 28/07/2011 11:58:47 PM.
     1>Project "D:\Projects\Tetris\Tetris\Tetris.vcxproj" on node 2 (build target(s)).
     1>InitializeBuildStatus:
         Creating "Debug\Tetris.unsuccessfulbuild" because "AlwaysCreate" was specified.
       ClCompile:
         C:\Program Files\Microsoft Visual Studio 10.0\VC\bin\CL.exe /c /ZI /nologo /W3 /WX- /Od /Oy- /D _MBCS /Gm /EHsc /RTC1 /MDd /GS /fp:precise /Zc:wchar_t /Zc:forScope /Fo"Debug\\" /Fd"Debug\vc100.pdb" /Gd /TP /analyze- /errorReport:prompt Game.cpp
         Game.cpp
       Link:
         C:\Program Files\Microsoft Visual Studio 10.0\VC\bin\link.exe /ERRORREPORT:PROMPT /OUT:"D:\Projects\Tetris\Debug\Tetris.exe" /NOLOGO OpenGL32.lib SDL.lib SDLmain.lib kernel32.lib user32.lib gdi32.lib winspool.lib comdlg32.lib advapi32.lib shell32.lib ole32.lib oleaut32.lib uuid.lib odbc32.lib odbccp32.lib /MANIFEST /ManifestFile:"Debug\Tetris.exe.intermediate.manifest" /MANIFESTUAC:"level='asInvoker' uiAccess='false'" /DEBUG /PDB:"D:\Projects\Tetris\Debug\Tetris.pdb" /SUBSYSTEM:WINDOWS /TLBID:1 /DYNAMICBASE /NXCOMPAT /IMPLIB:"D:\Projects\Tetris\Debug\Tetris.lib" /MACHINE:X86 Debug\Game.obj
         Debug\Graphics.obj
         Debug\main.obj
         Debug\Shape.obj
         LINK : D:\Projects\Tetris\Debug\Tetris.exe not found or not built by the last incremental link; performing full link
     1>MSVCRTD.lib(cinitexe.obj) : warning LNK4098: defaultlib 'msvcrt.lib' conflicts with use of other libs; use /NODEFAULTLIB:library
         Tetris.vcxproj -> D:\Projects\Tetris\Debug\Tetris.exe
       Manifest:
         C:\Program Files\Microsoft SDKs\Windows\v7.0A\bin\mt.exe /nologo /verbose /outputresource:"D:\Projects\Tetris\Debug\Tetris.exe;#1" /manifest Debug\Tetris.exe.intermediate.manifest
       FinalizeBuildStatus:
         Deleting file "Debug\Tetris.unsuccessfulbuild".
         Touching "Debug\Tetris.lastbuildstate".
     1>Done Building Project "D:\Projects\Tetris\Tetris\Tetris.vcxproj" (build target(s)).

Build succeeded.

Time Elapsed 00:00:01.25
